26/10/2018 00:22:46- com.Base.Log- 
 

26/10/2018 00:22:46- com.Base.Log- ********* Test class starts ********** class org.testng.TestRunner
26/10/2018 00:22:46- com.Base.Log- 
 

26/10/2018 00:22:46- com.Base.Log- **** Browser Launching ***** 
26/10/2018 00:22:51- com.Base.Log- **** Navigating to URL ***** https://github.com/join
26/10/2018 00:22:54- com.Base.Log- 
 

26/10/2018 00:22:54- com.Base.Log- ***********************************************************
26/10/2018 00:22:54- com.Base.Log- ***********************************************************
26/10/2018 00:22:54- com.Base.Log- ************** On Test starts *************** createSignUp
26/10/2018 00:22:54- com.Base.Log- ***********************************************************
26/10/2018 00:22:54- com.Base.Log- ***********************************************************
26/10/2018 00:22:55- com.Base.Log- Create signup with existing UserID
26/10/2018 00:22:57- com.Base.Log- Enter username as: abc123
26/10/2018 00:22:57- com.Base.Log- Enter Email as: qweasd198
26/10/2018 00:22:57- com.Base.Log- Enter Password as: qweasd198
26/10/2018 00:23:00- com.Base.Log- Verify error message as: Login is already taken
26/10/2018 00:23:00- com.Base.Log-  ########## On Test success ########## createSignUp
26/10/2018 00:23:00- com.Base.Log- 
 

26/10/2018 00:23:00- com.Base.Log- 
 

26/10/2018 00:23:00- com.Base.Log- ***********************************************************
26/10/2018 00:23:00- com.Base.Log- ***********************************************************
26/10/2018 00:23:00- com.Base.Log- ************** On Test starts *************** createSignUp
26/10/2018 00:23:00- com.Base.Log- ***********************************************************
26/10/2018 00:23:00- com.Base.Log- ***********************************************************
26/10/2018 00:23:00- com.Base.Log- Create signup with Invalid/Existing email
26/10/2018 00:23:02- com.Base.Log- Enter username as: qweasd198
26/10/2018 00:23:02- com.Base.Log- Enter Email as: abc123@gmail.com
26/10/2018 00:23:02- com.Base.Log- Enter Password as: qweasd198
26/10/2018 00:23:04- com.Base.Log- Verify error message as: Email is invalid or already taken
26/10/2018 00:23:04- com.Base.Log-  ########## On Test success ########## createSignUp
26/10/2018 00:23:04- com.Base.Log- 
 

26/10/2018 00:23:04- com.Base.Log- 
 

26/10/2018 00:23:04- com.Base.Log- ***********************************************************
26/10/2018 00:23:04- com.Base.Log- ***********************************************************
26/10/2018 00:23:04- com.Base.Log- ************** On Test starts *************** createSignUp
26/10/2018 00:23:04- com.Base.Log- ***********************************************************
26/10/2018 00:23:04- com.Base.Log- ***********************************************************
26/10/2018 00:23:04- com.Base.Log- Create signup with password contains only alphabets
26/10/2018 00:23:06- com.Base.Log- Enter username as: qweasd198
26/10/2018 00:23:06- com.Base.Log- Enter Email as: qweasd198@gmail.com
26/10/2018 00:23:06- com.Base.Log- Enter Password as: abcdefg
26/10/2018 00:23:07- com.Base.Log- Verify error message as: Password needs at least one number
26/10/2018 00:23:17- com.Base.Log-  ########## On Test success ########## createSignUp
26/10/2018 00:23:17- com.Base.Log- 
 

26/10/2018 00:23:17- com.Base.Log- 
 

26/10/2018 00:23:17- com.Base.Log- ***********************************************************
26/10/2018 00:23:17- com.Base.Log- ***********************************************************
26/10/2018 00:23:17- com.Base.Log- ************** On Test starts *************** createSignUp
26/10/2018 00:23:17- com.Base.Log- ***********************************************************
26/10/2018 00:23:17- com.Base.Log- ***********************************************************
26/10/2018 00:23:17- com.Base.Log- Create signup with password contains only numbers
26/10/2018 00:23:19- com.Base.Log- Enter username as: qweasd198
26/10/2018 00:23:19- com.Base.Log- Enter Email as: qweasd198@gmail.com
26/10/2018 00:23:19- com.Base.Log- Enter Password as: 2132132
26/10/2018 00:23:26- com.Base.Log- Verify error message as: Password needs at least one lowercase letter
26/10/2018 00:23:26- com.Base.Log-  ########## On Test success ########## createSignUp
26/10/2018 00:23:26- com.Base.Log- 
 

26/10/2018 00:23:26- com.Base.Log- 
 

26/10/2018 00:23:26- com.Base.Log- ***********************************************************
26/10/2018 00:23:26- com.Base.Log- ***********************************************************
26/10/2018 00:23:26- com.Base.Log- ************** On Test starts *************** createSignUp
26/10/2018 00:23:26- com.Base.Log- ***********************************************************
26/10/2018 00:23:26- com.Base.Log- ***********************************************************
26/10/2018 00:23:26- com.Base.Log- Create signup without password
26/10/2018 00:23:28- com.Base.Log- Enter username as: qweasd198
26/10/2018 00:23:28- com.Base.Log- Enter Email as: qweasd198@gmail.com
26/10/2018 00:23:28- com.Base.Log- Enter Password as: 
26/10/2018 00:23:28- com.Base.Log- **------** Submit button is not enabled to click **------**
26/10/2018 00:23:28- com.Base.Log- Verify error message as: 
26/10/2018 00:23:28- com.Base.Log-  ########## On Test success ########## createSignUp
26/10/2018 00:23:28- com.Base.Log- 
 

26/10/2018 00:23:28- com.Base.Log- 
 

26/10/2018 00:23:28- com.Base.Log- ***********************************************************
26/10/2018 00:23:28- com.Base.Log- ***********************************************************
26/10/2018 00:23:28- com.Base.Log- ************** On Test starts *************** createSignUp
26/10/2018 00:23:28- com.Base.Log- ***********************************************************
26/10/2018 00:23:28- com.Base.Log- ***********************************************************
26/10/2018 00:23:28- com.Base.Log- Create signup without username
26/10/2018 00:23:30- com.Base.Log- Enter username as: 
26/10/2018 00:23:31- com.Base.Log- Enter Email as: qweasd198@gmail.com
26/10/2018 00:23:31- com.Base.Log- Enter Password as: qweasd198
26/10/2018 00:23:31- com.Base.Log- **------** Submit button is not enabled to click **------**
26/10/2018 00:23:31- com.Base.Log- Verify error message as: 
26/10/2018 00:23:31- com.Base.Log-  ########## On Test success ########## createSignUp
26/10/2018 00:23:31- com.Base.Log- 
 

26/10/2018 00:23:31- com.Base.Log- 
 

26/10/2018 00:23:31- com.Base.Log- ***********************************************************
26/10/2018 00:23:31- com.Base.Log- ***********************************************************
26/10/2018 00:23:31- com.Base.Log- ************** On Test starts *************** createSignUp
26/10/2018 00:23:31- com.Base.Log- ***********************************************************
26/10/2018 00:23:31- com.Base.Log- ***********************************************************
26/10/2018 00:23:31- com.Base.Log- Create signup without email
26/10/2018 00:23:33- com.Base.Log- Enter username as: qweasd198
26/10/2018 00:23:33- com.Base.Log- Enter Email as: 
26/10/2018 00:23:33- com.Base.Log- Enter Password as: qweasd198
26/10/2018 00:23:33- com.Base.Log- **------** Submit button is not enabled to click **------**
26/10/2018 00:23:33- com.Base.Log- Verify error message as: 
26/10/2018 00:23:33- com.Base.Log-  ########## On Test success ########## createSignUp
26/10/2018 00:23:33- com.Base.Log- 
 

26/10/2018 00:23:33- com.Base.Log- 
 

26/10/2018 00:23:33- com.Base.Log- ***********************************************************
26/10/2018 00:23:33- com.Base.Log- ***********************************************************
26/10/2018 00:23:33- com.Base.Log- ************** On Test starts *************** createSignUp
26/10/2018 00:23:33- com.Base.Log- ***********************************************************
26/10/2018 00:23:33- com.Base.Log- ***********************************************************
26/10/2018 00:23:33- com.Base.Log- Create signup with valid user& pwd as same as username with valid email
26/10/2018 00:23:35- com.Base.Log- Enter username as: qweasdz198
26/10/2018 00:23:36- com.Base.Log- Enter Email as: qweasd198@gmail.com
26/10/2018 00:23:36- com.Base.Log- Enter Password as: qweasd198
26/10/2018 00:23:37- com.Base.Log- Verify error message as: Password can't be your username
26/10/2018 00:23:37- com.Base.Log-  ########## On Test success ########## createSignUp
26/10/2018 00:23:37- com.Base.Log- 
 

26/10/2018 00:23:37- com.Base.Log- 
 

26/10/2018 00:23:37- com.Base.Log- ***********************************************************
26/10/2018 00:23:37- com.Base.Log- ***********************************************************
26/10/2018 00:23:37- com.Base.Log- ************** On Test starts *************** createSignUp
26/10/2018 00:23:37- com.Base.Log- ***********************************************************
26/10/2018 00:23:37- com.Base.Log- ***********************************************************
26/10/2018 00:23:37- com.Base.Log- Create signup with valid user,email & pwd
26/10/2018 00:23:39- com.Base.Log- Enter username as: qweasdz198
26/10/2018 00:23:40- com.Base.Log- Enter Email as: qweasd198@gmail.com
26/10/2018 00:23:40- com.Base.Log- Enter Password as: testasd123
26/10/2018 00:23:42- com.Base.Log- Verify error message as: 
26/10/2018 00:23:42- com.Base.Log-  ########## On Test success ########## createSignUp
26/10/2018 00:23:42- com.Base.Log- 
 

26/10/2018 00:23:42- com.Base.Log- 
 

26/10/2018 00:23:42- com.Base.Log- ***********************************************************
26/10/2018 00:23:42- com.Base.Log- ***********************************************************
26/10/2018 00:23:42- com.Base.Log- ************** On Test starts *************** validSignup
26/10/2018 00:23:42- com.Base.Log- ***********************************************************
26/10/2018 00:23:42- com.Base.Log- ***********************************************************
26/10/2018 00:23:52- com.Base.Log- 
 

26/10/2018 00:23:52- com.Base.Log- ----------------------------------------- 
26/10/2018 00:23:52- com.Base.Log- ---------- On Test fails Start ------------ validSignup
26/10/2018 00:23:53- com.Base.Log- ---------- On Test fails Ends ----------
26/10/2018 00:23:53- com.Base.Log- ----------------------------------------- 
26/10/2018 00:23:53- com.Base.Log- 
 

26/10/2018 00:23:53- com.Base.Log- ****************************  Closing browser **************************************** 
26/10/2018 00:23:53- com.Base.Log- 
 

26/10/2018 00:23:53- com.Base.Log- ===============================================================
26/10/2018 00:23:53- com.Base.Log- =====================Tests finished===========================
26/10/2018 00:23:53- com.Base.Log- ===== Test Passed ===== [ResultMap map={[TestResult name=createSignUp status=SUCCESS method=SignUpTest.createSignUp(java.lang.String, java.lang.String, java.lang.String, java.lang.String, java.lang.String)[pri:0, instance:com.CognitiveScale.SignUpTest@1efbd816] output={null}]=SignUpTest.createSignUp(java.lang.String, java.lang.String, java.lang.String, java.lang.String, java.lang.String)[pri:0, instance:com.CognitiveScale.SignUpTest@1efbd816], [TestResult name=createSignUp status=SUCCESS method=SignUpTest.createSignUp(java.lang.String, java.lang.String, java.lang.String, java.lang.String, java.lang.String)[pri:0, instance:com.CognitiveScale.SignUpTest@1efbd816] output={null}]=SignUpTest.createSignUp(java.lang.String, java.lang.String, java.lang.String, java.lang.String, java.lang.String)[pri:0, instance:com.CognitiveScale.SignUpTest@1efbd816], [TestResult name=createSignUp status=SUCCESS method=SignUpTest.createSignUp(java.lang.String, java.lang.String, java.lang.String, java.lang.String, java.lang.String)[pri:0, instance:com.CognitiveScale.SignUpTest@1efbd816] output={null}]=SignUpTest.createSignUp(java.lang.String, java.lang.String, java.lang.String, java.lang.String, java.lang.String)[pri:0, instance:com.CognitiveScale.SignUpTest@1efbd816], [TestResult name=createSignUp status=SUCCESS method=SignUpTest.createSignUp(java.lang.String, java.lang.String, java.lang.String, java.lang.String, java.lang.String)[pri:0, instance:com.CognitiveScale.SignUpTest@1efbd816] output={null}]=SignUpTest.createSignUp(java.lang.String, java.lang.String, java.lang.String, java.lang.String, java.lang.String)[pri:0, instance:com.CognitiveScale.SignUpTest@1efbd816], [TestResult name=createSignUp status=SUCCESS method=SignUpTest.createSignUp(java.lang.String, java.lang.String, java.lang.String, java.lang.String, java.lang.String)[pri:0, instance:com.CognitiveScale.SignUpTest@1efbd816] output={null}]=SignUpTest.createSignUp(java.lang.String, java.lang.String, java.lang.String, java.lang.String, java.lang.String)[pri:0, instance:com.CognitiveScale.SignUpTest@1efbd816], [TestResult name=createSignUp status=SUCCESS method=SignUpTest.createSignUp(java.lang.String, java.lang.String, java.lang.String, java.lang.String, java.lang.String)[pri:0, instance:com.CognitiveScale.SignUpTest@1efbd816] output={null}]=SignUpTest.createSignUp(java.lang.String, java.lang.String, java.lang.String, java.lang.String, java.lang.String)[pri:0, instance:com.CognitiveScale.SignUpTest@1efbd816], [TestResult name=createSignUp status=SUCCESS method=SignUpTest.createSignUp(java.lang.String, java.lang.String, java.lang.String, java.lang.String, java.lang.String)[pri:0, instance:com.CognitiveScale.SignUpTest@1efbd816] output={null}]=SignUpTest.createSignUp(java.lang.String, java.lang.String, java.lang.String, java.lang.String, java.lang.String)[pri:0, instance:com.CognitiveScale.SignUpTest@1efbd816], [TestResult name=createSignUp status=SUCCESS method=SignUpTest.createSignUp(java.lang.String, java.lang.String, java.lang.String, java.lang.String, java.lang.String)[pri:0, instance:com.CognitiveScale.SignUpTest@1efbd816] output={null}]=SignUpTest.createSignUp(java.lang.String, java.lang.String, java.lang.String, java.lang.String, java.lang.String)[pri:0, instance:com.CognitiveScale.SignUpTest@1efbd816], [TestResult name=createSignUp status=SUCCESS method=SignUpTest.createSignUp(java.lang.String, java.lang.String, java.lang.String, java.lang.String, java.lang.String)[pri:0, instance:com.CognitiveScale.SignUpTest@1efbd816] output={null}]=SignUpTest.createSignUp(java.lang.String, java.lang.String, java.lang.String, java.lang.String, java.lang.String)[pri:0, instance:com.CognitiveScale.SignUpTest@1efbd816]}] ===========
26/10/2018 00:23:53- com.Base.Log- ===== Test Failed ===== [ResultMap map={[TestResult name=validSignup status=FAILURE method=SignUpTest.validSignup()[pri:1, instance:com.CognitiveScale.SignUpTest@1efbd816] output={null}]=SignUpTest.validSignup()[pri:1, instance:com.CognitiveScale.SignUpTest@1efbd816]}] ===========
26/10/2018 00:23:53- com.Base.Log- ===============================================================
26/10/2018 00:23:53- com.Base.Log- 
 

26/10/2018 00:23:53- com.Base.Log- ######################## Web Report URL: ########################
26/10/2018 00:23:53- com.Base.Log- C:\Users\kakarc\workspace\SleniumCucumber\CognitiveTest/Reports/Report_261018_1540493574984.html
26/10/2018 00:23:53- com.Base.Log- ######################## Web Report URL: ########################
26/10/2018 00:23:53- com.Base.Log- 
 

